Information: Propagating switching activity (high effort zero delay simulation). (PWR-6)
Warning: Design has unannotated primary inputs. (PWR-414)
Warning: Design has unannotated sequential cell outputs. (PWR-415)
 
****************************************
Report : power
        -analysis_effort high
Design : DECOMP_TOP
Version: Q-2019.12-SP5-5
Date   : Wed Nov 10 19:24:01 2021
****************************************


Library(s) Used:

    um28nchslogl35hsl140f_ssgwc0p81vn40c (File: /media/0/LogicLibraries/UMC/28nm/35hs/hsl/svt/latest/liberty/logic_synth/um28nchslogl35hsl140f_ssgwc0p81vn40c.db)


Operating Conditions: SSGWC0P81VN40C   Library: um28nchslogl35hsl140f_ssgwc0p81vn40c
Wire Load Model Mode: enclosed

Design        Wire Load Model            Library
------------------------------------------------
DECOMP_TOP             ZeroWLM           um28nchslogl35hsl140f_ssgwc0p81vn40c
ZRLE_DECOMP            ZeroWLM           um28nchslogl35hsl140f_ssgwc0p81vn40c
DECODER_GROUP          ZeroWLM           um28nchslogl35hsl140f_ssgwc0p81vn40c


Global Operating Voltage = 0.81 
Power-specific unit information :
    Voltage Units = 1V
    Capacitance Units = 1.000000pf
    Time Units = 1ns
    Dynamic Power Units = 1mW    (derived from V,C,T units)
    Leakage Power Units = 1nW


  Cell Internal Power  =   3.9581 mW   (73%)
  Net Switching Power  =   1.4385 mW   (27%)
                         ---------
Total Dynamic Power    =   5.3966 mW  (100%)

Cell Leakage Power     = 234.0063 nW

Information: report_power power group summary does not include estimated clock tree power. (PWR-789)

                 Internal         Switching           Leakage            Total
Power Group      Power            Power               Power              Power   (   %    )  Attrs
--------------------------------------------------------------------------------------------------
io_pad             0.0000            0.0000            0.0000            0.0000  (   0.00%)
memory             0.0000            0.0000            0.0000            0.0000  (   0.00%)
black_box          0.0000            0.0000            0.0000            0.0000  (   0.00%)
clock_network      0.0000            0.0000            0.0000            0.0000  (   0.00%)
register           0.0000            0.0000            0.0000            0.0000  (   0.00%)
sequential         2.6944        8.4800e-03           59.1991            2.7029  (  50.08%)
combinational      1.2638            1.4300          174.7939            2.6939  (  49.92%)
--------------------------------------------------------------------------------------------------
Total              3.9581 mW         1.4385 mW       233.9930 nW         5.3968 mW
1
