 
****************************************
Report : threshold voltage group
Design : COMP_TOP
Version: Q-2019.12-SP5-5
Date   : Wed Nov 10 16:57:00 2021
****************************************

********************************************************************************
                        Threshold Voltage Group Report                         

Vth Group                All                Blackbox           Non-blackbox
Name                    cells                cells                cells
********************************************************************************
HVT35               27861  (99.94%)          0   (0.00%)      27861  (99.94%)   
LVT35                   4   (0.01%)          0   (0.00%)          4   (0.01%)   
SVT35                  13   (0.05%)          0   (0.00%)         13   (0.05%)   
********************************************************************************
Total               27878 (100.00%)          0   (0.00%)      27878 (100.00%)   

Vth Group                All                Blackbox           Non-blackbox
Name                  cell area            cell area            cell area
********************************************************************************
HVT35            32869.20  (99.97%)       0.00   (0.00%)   32869.20  (99.97%)   
LVT35                2.69   (0.01%)       0.00   (0.00%)       2.69   (0.01%)   
SVT35                6.89   (0.02%)       0.00   (0.00%)       6.89   (0.02%)   
********************************************************************************
Total            32878.78 (100.00%)       0.00   (0.00%)   32878.78 (100.00%)   
1
