
                           Design Compiler Graphical 
                                 DC Ultra (TM)
                                  DFTMAX (TM)
                              Power Compiler (TM)
                                 DesignWare (R)
                                 DC Expert (TM)
                               Design Vision (TM)
                               HDL Compiler (TM)
                               VHDL Compiler (TM)
                                  DFT Compiler
                               Design Compiler(R)

              Version Q-2019.12-SP5-5 for linux64 - Mar 21, 2021 

                    Copyright (c) 1988 - 2021 Synopsys, Inc.
   This software and the associated documentation are proprietary to Synopsys,
 Inc. This software may only be used in accordance with the terms and conditions
 of a written license agreement with Synopsys, Inc. All other use, reproduction,
            or distribution of this software is strictly prohibited.
Initializing...
# ---------------------------------------
# DESIGN PROFILE
# ---------------------------------------
set topmodule_name      DECOMP_TOP
DECOMP_TOP
set clk_port_name       clk
clk
set clk_freq            $env(clk_freq)
800
# ---------------------------------------
# Read Libraries
# ---------------------------------------
set LIBLIST_PATH        $env(LIBLIST_PATH)
/home/us03145/RTL/syn/..//syn/lib/lib_container.tcl
source $LIBLIST_PATH
/media/0/LogicLibraries/UMC/28nm/35hs/hsl/hvt/latest/liberty/symbol/um28nchhlogl35hsl140f.sdb /media/0/LogicLibraries/UMC/28nm/35hs/hsl/lvt/latest/liberty/symbol/um28nchllogl35hsl140f.sdb /media/0/LogicLibraries/UMC/28nm/35hs/hsl/svt/latest/liberty/symbol/um28nchslogl35hsl140f.sdb /media/0/LogicLibraries/UMC/28nm/35hs/hsl/uhvt/latest/liberty/symbol/um28nchulogl35hsl140f.sdb /media/0/LogicLibraries/UMC/28nm/35hs/hsl/ulvt/latest/liberty/symbol/um28nchvlogl35hsl140f.sdb
# ---------------------------------------
# Read Source Codes
# ---------------------------------------
set RTL_PATH            $env(RTL_PATH)
/home/us03145/RTL/syn/..//rtl/
read_file $RTL_PATH -autoread -recursive -format verilog -top $topmodule_name
== READ_FILE autoread for top design 'DECOMP_TOP' ==

Starting READ_FILE autoread mode...
Information: Adding '/home/us03145/RTL/rtl/'.  (AUTOREAD-100)
Warning: Adding missing directory to search_path - '/home/us03145/RTL/rtl/'. (AUTOREAD-105)
Information: Adding '/home/us03145/RTL/rtl/sr_decomp.v'.  (AUTOREAD-100)
Information: Adding '/home/us03145/RTL/rtl/decoder_engine.v'.  (AUTOREAD-100)
Information: Adding '/home/us03145/RTL/rtl/COMP_TOP.v'.  (AUTOREAD-100)
Information: Adding '/home/us03145/RTL/rtl/FIFO.v'.  (AUTOREAD-100)
Information: Adding '/home/us03145/RTL/rtl/bpc_codebuf.v'.  (AUTOREAD-100)
Information: Adding '/home/us03145/RTL/rtl/sr_engine.v'.  (AUTOREAD-100)
Information: Adding '/home/us03145/RTL/rtl/zrle_engine.v'.  (AUTOREAD-100)
Information: Adding '/home/us03145/RTL/rtl/zrle_codebuf.v'.  (AUTOREAD-100)
Information: Adding '/home/us03145/RTL/rtl/bpc_engine.v'.  (AUTOREAD-100)
Information: Adding '/home/us03145/RTL/rtl/DECOMP_TOP.v'.  (AUTOREAD-100)
Information: Source filelist.f ignored by autoread due to filtering.  (AUTOREAD-102)
Information: Adding '/home/us03145/RTL/rtl/zrle_decomp.v'.  (AUTOREAD-100)
Information: Adding '/home/us03145/RTL/rtl/bpc_decomp.v'.  (AUTOREAD-100)
Information: Source bpc_ ignored by autoread due to filtering.  (AUTOREAD-102)
Information: Scanning file { sr_decomp.v }. (AUTOREAD-303)
Information: Scanning file { decoder_engine.v }. (AUTOREAD-303)
Information: Scanning file { COMP_TOP.v }. (AUTOREAD-303)
Information: Scanning file { FIFO.v }. (AUTOREAD-303)
Information: Scanning file { bpc_codebuf.v }. (AUTOREAD-303)
Information: Scanning file { sr_engine.v }. (AUTOREAD-303)
Information: Scanning file { zrle_engine.v }. (AUTOREAD-303)
Information: Scanning file { zrle_codebuf.v }. (AUTOREAD-303)
Information: Scanning file { bpc_engine.v }. (AUTOREAD-303)
Information: Scanning file { DECOMP_TOP.v }. (AUTOREAD-303)
Information: Scanning file { zrle_decomp.v }. (AUTOREAD-303)
Information: Scanning file { bpc_decomp.v }. (AUTOREAD-303)
Compiling source file /home/us03145/RTL/rtl/zrle_decomp.v
Presto compilation completed successfully.
Compiling source file /home/us03145/RTL/rtl/decoder_engine.v
Presto compilation completed successfully.
Compiling source file /home/us03145/RTL/rtl/bpc_decomp.v
Presto compilation completed successfully.
Compiling source file /home/us03145/RTL/rtl/sr_decomp.v
Presto compilation completed successfully.
Compiling source file /home/us03145/RTL/rtl/DECOMP_TOP.v
Presto compilation completed successfully.
Elaborating top design DECOMP_TOP
Loading db file '/media/0/LogicLibraries/UMC/28nm/35hs/hsl/hvt/latest/liberty/logic_synth/um28nchhlogl35hsl140f_ffbc0p99v0c.db'
Loading db file '/media/0/LogicLibraries/UMC/28nm/35hs/hsl/hvt/latest/liberty/logic_synth/um28nchhlogl35hsl140f_ffbc0p99v125c.db'
Loading db file '/media/0/LogicLibraries/UMC/28nm/35hs/hsl/hvt/latest/liberty/logic_synth/um28nchhlogl35hsl140f_ffbc0p99vn40c.db'
Loading db file '/media/0/LogicLibraries/UMC/28nm/35hs/hsl/hvt/latest/liberty/logic_synth/um28nchhlogl35hsl140f_ffg0p99v125c.db'
Loading db file '/media/0/LogicLibraries/UMC/28nm/35hs/hsl/lvt/latest/liberty/logic_synth/um28nchllogl35hsl140f_ffbc0p99v0c.db'
Loading db file '/media/0/LogicLibraries/UMC/28nm/35hs/hsl/lvt/latest/liberty/logic_synth/um28nchllogl35hsl140f_ffbc0p99v125c.db'
Loading db file '/media/0/LogicLibraries/UMC/28nm/35hs/hsl/lvt/latest/liberty/logic_synth/um28nchllogl35hsl140f_ffbc0p99vn40c.db'
Loading db file '/media/0/LogicLibraries/UMC/28nm/35hs/hsl/lvt/latest/liberty/logic_synth/um28nchllogl35hsl140f_ffg0p99v125c.db'
Loading db file '/media/0/LogicLibraries/UMC/28nm/35hs/hsl/svt/latest/liberty/logic_synth/um28nchslogl35hsl140f_ffbc0p99v0c.db'
Loading db file '/media/0/LogicLibraries/UMC/28nm/35hs/hsl/svt/latest/liberty/logic_synth/um28nchslogl35hsl140f_ffbc0p99v125c.db'
Loading db file '/media/0/LogicLibraries/UMC/28nm/35hs/hsl/svt/latest/liberty/logic_synth/um28nchslogl35hsl140f_ffbc0p99vn40c.db'
Loading db file '/media/0/LogicLibraries/UMC/28nm/35hs/hsl/svt/latest/liberty/logic_synth/um28nchslogl35hsl140f_ffg0p99v125c.db'
Loading db file '/media/0/LogicLibraries/UMC/28nm/35hs/hsl/uhvt/latest/liberty/logic_synth/um28nchulogl35hsl140f_ffbc0p99v0c.db'
Loading db file '/media/0/LogicLibraries/UMC/28nm/35hs/hsl/uhvt/latest/liberty/logic_synth/um28nchulogl35hsl140f_ffbc0p99v125c.db'
Loading db file '/media/0/LogicLibraries/UMC/28nm/35hs/hsl/uhvt/latest/liberty/logic_synth/um28nchulogl35hsl140f_ffbc0p99vn40c.db'
Loading db file '/media/0/LogicLibraries/UMC/28nm/35hs/hsl/uhvt/latest/liberty/logic_synth/um28nchulogl35hsl140f_ffg0p99v125c.db'
Loading db file '/media/0/LogicLibraries/UMC/28nm/35hs/hsl/ulvt/latest/liberty/logic_synth/um28nchvlogl35hsl140f_ffbc0p99v0c.db'
Loading db file '/media/0/LogicLibraries/UMC/28nm/35hs/hsl/ulvt/latest/liberty/logic_synth/um28nchvlogl35hsl140f_ffbc0p99v125c.db'
Loading db file '/media/0/LogicLibraries/UMC/28nm/35hs/hsl/ulvt/latest/liberty/logic_synth/um28nchvlogl35hsl140f_ffbc0p99vn40c.db'
Loading db file '/media/0/LogicLibraries/UMC/28nm/35hs/hsl/ulvt/latest/liberty/logic_synth/um28nchvlogl35hsl140f_ffg0p99v125c.db'
Loading db file '/media/0/LogicLibraries/UMC/28nm/35hs/hsl/hvt/latest/liberty/logic_synth/um28nchhlogl35hsl140f_tt0p9v125c.db'
Loading db file '/media/0/LogicLibraries/UMC/28nm/35hs/hsl/hvt/latest/liberty/logic_synth/um28nchhlogl35hsl140f_tt0p9v25c.db'
Loading db file '/media/0/LogicLibraries/UMC/28nm/35hs/hsl/hvt/latest/liberty/logic_synth/um28nchhlogl35hsl140f_tt0p9v85c.db'
Loading db file '/media/0/LogicLibraries/UMC/28nm/35hs/hsl/lvt/latest/liberty/logic_synth/um28nchllogl35hsl140f_tt0p9v125c.db'
Loading db file '/media/0/LogicLibraries/UMC/28nm/35hs/hsl/lvt/latest/liberty/logic_synth/um28nchllogl35hsl140f_tt0p9v25c.db'
Loading db file '/media/0/LogicLibraries/UMC/28nm/35hs/hsl/lvt/latest/liberty/logic_synth/um28nchllogl35hsl140f_tt0p9v85c.db'
Loading db file '/media/0/LogicLibraries/UMC/28nm/35hs/hsl/svt/latest/liberty/logic_synth/um28nchslogl35hsl140f_tt0p9v125c.db'
Loading db file '/media/0/LogicLibraries/UMC/28nm/35hs/hsl/svt/latest/liberty/logic_synth/um28nchslogl35hsl140f_tt0p9v25c.db'
Loading db file '/media/0/LogicLibraries/UMC/28nm/35hs/hsl/svt/latest/liberty/logic_synth/um28nchslogl35hsl140f_tt0p9v85c.db'
Loading db file '/media/0/LogicLibraries/UMC/28nm/35hs/hsl/uhvt/latest/liberty/logic_synth/um28nchulogl35hsl140f_tt0p9v125c.db'
Loading db file '/media/0/LogicLibraries/UMC/28nm/35hs/hsl/uhvt/latest/liberty/logic_synth/um28nchulogl35hsl140f_tt0p9v25c.db'
Loading db file '/media/0/LogicLibraries/UMC/28nm/35hs/hsl/uhvt/latest/liberty/logic_synth/um28nchulogl35hsl140f_tt0p9v85c.db'
Loading db file '/media/0/LogicLibraries/UMC/28nm/35hs/hsl/ulvt/latest/liberty/logic_synth/um28nchvlogl35hsl140f_tt0p9v125c.db'
Loading db file '/media/0/LogicLibraries/UMC/28nm/35hs/hsl/ulvt/latest/liberty/logic_synth/um28nchvlogl35hsl140f_tt0p9v25c.db'
Loading db file '/media/0/LogicLibraries/UMC/28nm/35hs/hsl/ulvt/latest/liberty/logic_synth/um28nchvlogl35hsl140f_tt0p9v85c.db'
Loading db file '/media/0/LogicLibraries/UMC/28nm/35hs/hsl/hvt/latest/liberty/logic_synth/um28nchhlogl35hsl140f_ssgwc0p81v0c.db'
Loading db file '/media/0/LogicLibraries/UMC/28nm/35hs/hsl/hvt/latest/liberty/logic_synth/um28nchhlogl35hsl140f_ssgwc0p81v125c.db'
Loading db file '/media/0/LogicLibraries/UMC/28nm/35hs/hsl/hvt/latest/liberty/logic_synth/um28nchhlogl35hsl140f_ssgwc0p81vn40c.db'
Loading db file '/media/0/LogicLibraries/UMC/28nm/35hs/hsl/hvt/latest/liberty/logic_synth/um28nchhlogl35hsl140f_sswc0p81v0c.db'
Loading db file '/media/0/LogicLibraries/UMC/28nm/35hs/hsl/hvt/latest/liberty/logic_synth/um28nchhlogl35hsl140f_sswc0p81v125c.db'
Loading db file '/media/0/LogicLibraries/UMC/28nm/35hs/hsl/hvt/latest/liberty/logic_synth/um28nchhlogl35hsl140f_sswc0p81vn40c.db'
Loading db file '/media/0/LogicLibraries/UMC/28nm/35hs/hsl/lvt/latest/liberty/logic_synth/um28nchllogl35hsl140f_ssgwc0p81v0c.db'
Loading db file '/media/0/LogicLibraries/UMC/28nm/35hs/hsl/lvt/latest/liberty/logic_synth/um28nchllogl35hsl140f_ssgwc0p81v125c.db'
Loading db file '/media/0/LogicLibraries/UMC/28nm/35hs/hsl/lvt/latest/liberty/logic_synth/um28nchllogl35hsl140f_ssgwc0p81vn40c.db'
Loading db file '/media/0/LogicLibraries/UMC/28nm/35hs/hsl/lvt/latest/liberty/logic_synth/um28nchllogl35hsl140f_sswc0p81v0c.db'
Loading db file '/media/0/LogicLibraries/UMC/28nm/35hs/hsl/lvt/latest/liberty/logic_synth/um28nchllogl35hsl140f_sswc0p81v125c.db'
Loading db file '/media/0/LogicLibraries/UMC/28nm/35hs/hsl/lvt/latest/liberty/logic_synth/um28nchllogl35hsl140f_sswc0p81vn40c.db'
Loading db file '/media/0/LogicLibraries/UMC/28nm/35hs/hsl/svt/latest/liberty/logic_synth/um28nchslogl35hsl140f_ssgwc0p81v0c.db'
Loading db file '/media/0/LogicLibraries/UMC/28nm/35hs/hsl/svt/latest/liberty/logic_synth/um28nchslogl35hsl140f_ssgwc0p81v125c.db'
Loading db file '/media/0/LogicLibraries/UMC/28nm/35hs/hsl/svt/latest/liberty/logic_synth/um28nchslogl35hsl140f_ssgwc0p81vn40c.db'
Loading db file '/media/0/LogicLibraries/UMC/28nm/35hs/hsl/svt/latest/liberty/logic_synth/um28nchslogl35hsl140f_sswc0p81v0c.db'
Loading db file '/media/0/LogicLibraries/UMC/28nm/35hs/hsl/svt/latest/liberty/logic_synth/um28nchslogl35hsl140f_sswc0p81v125c.db'
Loading db file '/media/0/LogicLibraries/UMC/28nm/35hs/hsl/svt/latest/liberty/logic_synth/um28nchslogl35hsl140f_sswc0p81vn40c.db'
Loading db file '/media/0/LogicLibraries/UMC/28nm/35hs/hsl/uhvt/latest/liberty/logic_synth/um28nchulogl35hsl140f_ssgwc0p81v0c.db'
Loading db file '/media/0/LogicLibraries/UMC/28nm/35hs/hsl/uhvt/latest/liberty/logic_synth/um28nchulogl35hsl140f_ssgwc0p81v125c.db'
Loading db file '/media/0/LogicLibraries/UMC/28nm/35hs/hsl/uhvt/latest/liberty/logic_synth/um28nchulogl35hsl140f_ssgwc0p81vn40c.db'
Loading db file '/media/0/LogicLibraries/UMC/28nm/35hs/hsl/uhvt/latest/liberty/logic_synth/um28nchulogl35hsl140f_sswc0p81v0c.db'
Loading db file '/media/0/LogicLibraries/UMC/28nm/35hs/hsl/uhvt/latest/liberty/logic_synth/um28nchulogl35hsl140f_sswc0p81v125c.db'
Loading db file '/media/0/LogicLibraries/UMC/28nm/35hs/hsl/uhvt/latest/liberty/logic_synth/um28nchulogl35hsl140f_sswc0p81vn40c.db'
Loading db file '/media/0/LogicLibraries/UMC/28nm/35hs/hsl/ulvt/latest/liberty/logic_synth/um28nchvlogl35hsl140f_ssgwc0p81v0c.db'
Loading db file '/media/0/LogicLibraries/UMC/28nm/35hs/hsl/ulvt/latest/liberty/logic_synth/um28nchvlogl35hsl140f_ssgwc0p81v125c.db'
Loading db file '/media/0/LogicLibraries/UMC/28nm/35hs/hsl/ulvt/latest/liberty/logic_synth/um28nchvlogl35hsl140f_ssgwc0p81vn40c.db'
Loading db file '/media/0/LogicLibraries/UMC/28nm/35hs/hsl/ulvt/latest/liberty/logic_synth/um28nchvlogl35hsl140f_sswc0p81v0c.db'
Loading db file '/media/0/LogicLibraries/UMC/28nm/35hs/hsl/ulvt/latest/liberty/logic_synth/um28nchvlogl35hsl140f_sswc0p81v125c.db'
Loading db file '/media/0/LogicLibraries/UMC/28nm/35hs/hsl/ulvt/latest/liberty/logic_synth/um28nchvlogl35hsl140f_sswc0p81vn40c.db'
Loading db file '/usr/synopsys/syn/Q-2019.12-SP5-5/libraries/syn/gtech.db'
Loading db file '/usr/synopsys/syn/Q-2019.12-SP5-5/libraries/syn/standard.sldb'
  Loading link library 'um28nchhlogl35hsl140f_ffbc0p99v0c'
  Loading link library 'um28nchhlogl35hsl140f_ffbc0p99v125c'
  Loading link library 'um28nchhlogl35hsl140f_ffbc0p99vn40c'
  Loading link library 'um28nchhlogl35hsl140f_ffg0p99v125c'
  Loading link library 'um28nchllogl35hsl140f_ffbc0p99v0c'
  Loading link library 'um28nchllogl35hsl140f_ffbc0p99v125c'
  Loading link library 'um28nchllogl35hsl140f_ffbc0p99vn40c'
  Loading link library 'um28nchllogl35hsl140f_ffg0p99v125c'
  Loading link library 'um28nchslogl35hsl140f_ffbc0p99v0c'
  Loading link library 'um28nchslogl35hsl140f_ffbc0p99v125c'
  Loading link library 'um28nchslogl35hsl140f_ffbc0p99vn40c'
  Loading link library 'um28nchslogl35hsl140f_ffg0p99v125c'
  Loading link library 'um28nchulogl35hsl140f_ffbc0p99v0c'
  Loading link library 'um28nchulogl35hsl140f_ffbc0p99v125c'
  Loading link library 'um28nchulogl35hsl140f_ffbc0p99vn40c'
  Loading link library 'um28nchulogl35hsl140f_ffg0p99v125c'
  Loading link library 'um28nchvlogl35hsl140f_ffbc0p99v0c'
  Loading link library 'um28nchvlogl35hsl140f_ffbc0p99v125c'
  Loading link library 'um28nchvlogl35hsl140f_ffbc0p99vn40c'
  Loading link library 'um28nchvlogl35hsl140f_ffg0p99v125c'
  Loading link library 'um28nchhlogl35hsl140f_tt0p9v125c'
  Loading link library 'um28nchhlogl35hsl140f_tt0p9v25c'
  Loading link library 'um28nchhlogl35hsl140f_tt0p9v85c'
  Loading link library 'um28nchllogl35hsl140f_tt0p9v125c'
  Loading link library 'um28nchllogl35hsl140f_tt0p9v25c'
  Loading link library 'um28nchllogl35hsl140f_tt0p9v85c'
  Loading link library 'um28nchslogl35hsl140f_tt0p9v125c'
  Loading link library 'um28nchslogl35hsl140f_tt0p9v25c'
  Loading link library 'um28nchslogl35hsl140f_tt0p9v85c'
  Loading link library 'um28nchulogl35hsl140f_tt0p9v125c'
  Loading link library 'um28nchulogl35hsl140f_tt0p9v25c'
  Loading link library 'um28nchulogl35hsl140f_tt0p9v85c'
  Loading link library 'um28nchvlogl35hsl140f_tt0p9v125c'
  Loading link library 'um28nchvlogl35hsl140f_tt0p9v25c'
  Loading link library 'um28nchvlogl35hsl140f_tt0p9v85c'
  Loading link library 'um28nchhlogl35hsl140f_ssgwc0p81v0c'
  Loading link library 'um28nchhlogl35hsl140f_ssgwc0p81v125c'
  Loading link library 'um28nchhlogl35hsl140f_ssgwc0p81vn40c'
  Loading link library 'um28nchhlogl35hsl140f_sswc0p81v0c'
  Loading link library 'um28nchhlogl35hsl140f_sswc0p81v125c'
  Loading link library 'um28nchhlogl35hsl140f_sswc0p81vn40c'
  Loading link library 'um28nchllogl35hsl140f_ssgwc0p81v0c'
  Loading link library 'um28nchllogl35hsl140f_ssgwc0p81v125c'
  Loading link library 'um28nchllogl35hsl140f_ssgwc0p81vn40c'
  Loading link library 'um28nchllogl35hsl140f_sswc0p81v0c'
  Loading link library 'um28nchllogl35hsl140f_sswc0p81v125c'
  Loading link library 'um28nchllogl35hsl140f_sswc0p81vn40c'
  Loading link library 'um28nchslogl35hsl140f_ssgwc0p81v0c'
  Loading link library 'um28nchslogl35hsl140f_ssgwc0p81v125c'
  Loading link library 'um28nchslogl35hsl140f_ssgwc0p81vn40c'
  Loading link library 'um28nchslogl35hsl140f_sswc0p81v0c'
  Loading link library 'um28nchslogl35hsl140f_sswc0p81v125c'
  Loading link library 'um28nchslogl35hsl140f_sswc0p81vn40c'
  Loading link library 'um28nchulogl35hsl140f_ssgwc0p81v0c'
  Loading link library 'um28nchulogl35hsl140f_ssgwc0p81v125c'
  Loading link library 'um28nchulogl35hsl140f_ssgwc0p81vn40c'
  Loading link library 'um28nchulogl35hsl140f_sswc0p81v0c'
  Loading link library 'um28nchulogl35hsl140f_sswc0p81v125c'
  Loading link library 'um28nchulogl35hsl140f_sswc0p81vn40c'
  Loading link library 'um28nchvlogl35hsl140f_ssgwc0p81v0c'
  Loading link library 'um28nchvlogl35hsl140f_ssgwc0p81v125c'
  Loading link library 'um28nchvlogl35hsl140f_ssgwc0p81vn40c'
  Loading link library 'um28nchvlogl35hsl140f_sswc0p81v0c'
  Loading link library 'um28nchvlogl35hsl140f_sswc0p81v125c'
  Loading link library 'um28nchvlogl35hsl140f_sswc0p81vn40c'
  Loading link library 'gtech'
Running PRESTO HDLC

Inferred memory devices in process
	in routine DECOMP_TOP line 29 in file
		'/home/us03145/RTL/rtl/DECOMP_TOP.v'.
===========================================================================
|    Register Name    | Type  | Width | Bus | MB | AR | AS | SR | SS | ST |
===========================================================================
|      mode_reg       | Latch |   2   |  Y  | N  | N  | N  | -  | -  | -  |
===========================================================================
Presto compilation completed successfully. (DECOMP_TOP)
Elaborated 1 design.
Current design is now 'DECOMP_TOP'.
Information: Building the design 'ZRLE_DECOMP'. (HDL-193)

Statistics for case statements in always block at line 65 in file
	'/home/us03145/RTL/rtl/zrle_decomp.v'
===============================================
|           Line           |  full/ parallel  |
===============================================
|            77            |    auto/auto     |
===============================================

Inferred memory devices in process
	in routine ZRLE_DECOMP line 36 in file
		'/home/us03145/RTL/rtl/zrle_decomp.v'.
===============================================================================
|    Register Name    |   Type    | Width | Bus | MB | AR | AS | SR | SS | ST |
===============================================================================
|     in_bcnt_reg     | Flip-flop |   4   |  Y  | N  | Y  | N  | N  | N  | N  |
|    out_bcnt_reg     | Flip-flop |   4   |  Y  | N  | Y  | N  | N  | N  | N  |
|      size_reg       | Flip-flop |   7   |  Y  | N  | Y  | N  | N  | N  | N  |
|    code_buf_reg     | Flip-flop |  128  |  Y  | N  | Y  | N  | N  | N  | N  |
|    data_out_reg     | Flip-flop |  64   |  Y  | N  | Y  | N  | N  | N  | N  |
|    valid_out_reg    | Flip-flop |   1   |  N  | N  | Y  | N  | N  | N  | N  |
===============================================================================
Presto compilation completed successfully. (ZRLE_DECOMP)
Information: Building the design 'SR_DECOMP'. (HDL-193)

Inferred memory devices in process
	in routine SR_DECOMP line 27 in file
		'/home/us03145/RTL/rtl/sr_decomp.v'.
===============================================================================
|    Register Name    |   Type    | Width | Bus | MB | AR | AS | SR | SS | ST |
===============================================================================
|      bcnt_reg       | Flip-flop |   4   |  Y  | N  | Y  | N  | N  | N  | N  |
===============================================================================
Presto compilation completed successfully. (SR_DECOMP)
Information: Building the design 'BPC_DECOMP'. (HDL-193)

Inferred memory devices in process
	in routine BPC_DECOMP line 60 in file
		'/home/us03145/RTL/rtl/bpc_decomp.v'.
===========================================================================
|    Register Name    | Type  | Width | Bus | MB | AR | AS | SR | SS | ST |
===========================================================================
|      ready_reg      | Latch |   1   |  N  | N  | N  | N  | -  | -  | -  |
===========================================================================

Inferred memory devices in process
	in routine BPC_DECOMP line 212 in file
		'/home/us03145/RTL/rtl/bpc_decomp.v'.
===============================================================================
|    Register Name    |   Type    | Width | Bus | MB | AR | AS | SR | SS | ST |
===============================================================================
|     bu_cnt_reg      | Flip-flop |   4   |  Y  | N  | Y  | N  | N  | N  | N  |
|    bit_plane_reg    | Flip-flop | 1008  |  Y  | N  | Y  | N  | N  | N  | N  |
|    code_buf_reg     | Flip-flop |  128  |  Y  | N  | Y  | N  | N  | N  | N  |
|    buf_size_reg     | Flip-flop |   7   |  Y  | N  | Y  | N  | N  | N  | N  |
|     zrl_cnt_reg     | Flip-flop |   4   |  Y  | N  | Y  | N  | N  | N  | N  |
|     bp_cnt_reg      | Flip-flop |   4   |  Y  | N  | Y  | N  | N  | N  | N  |
|     in_cnt_reg      | Flip-flop |   5   |  Y  | N  | Y  | N  | N  | N  | N  |
|    base_word_reg    | Flip-flop |  16   |  Y  | N  | Y  | N  | N  | N  | N  |
|     n_valid_reg     | Flip-flop |   1   |  N  | N  | Y  | N  | N  | N  | N  |
===============================================================================
Statistics for MUX_OPs
======================================================
| block name/line  | Inputs | Outputs | # sel inputs |
======================================================
|  BPC_DECOMP/113  |   16   |   63    |      4       |
|  BPC_DECOMP/158  |   64   |   16    |      6       |
======================================================
Presto compilation completed successfully. (BPC_DECOMP)
Information: Building the design 'DECODER_GROUP'. (HDL-193)
Presto compilation completed successfully. (DECODER_GROUP)
Information: Building the design 'DECODER'. (HDL-193)

Statistics for case statements in always block at line 83 in file
	'/home/us03145/RTL/rtl/decoder_engine.v'
===============================================
|           Line           |  full/ parallel  |
===============================================
|            97            |    auto/auto     |
===============================================
Presto compilation completed successfully. (DECODER)
Autoread command completed successfully.
# ---------------------------------------
# 1. Environments Setting
# ---------------------------------------
link

  Linking design 'DECOMP_TOP'
  Using the following designs and libraries:
  --------------------------------------------------------------------------
  * (6 designs)               /home/us03145/RTL/syn/clk_800/DECOMP_TOP.db, etc
  um28nchhlogl35hsl140f_ffbc0p99v0c (library) /media/0/LogicLibraries/UMC/28nm/35hs/hsl/hvt/latest/liberty/logic_synth/um28nchhlogl35hsl140f_ffbc0p99v0c.db
  um28nchhlogl35hsl140f_ffbc0p99v125c (library) /media/0/LogicLibraries/UMC/28nm/35hs/hsl/hvt/latest/liberty/logic_synth/um28nchhlogl35hsl140f_ffbc0p99v125c.db
  um28nchhlogl35hsl140f_ffbc0p99vn40c (library) /media/0/LogicLibraries/UMC/28nm/35hs/hsl/hvt/latest/liberty/logic_synth/um28nchhlogl35hsl140f_ffbc0p99vn40c.db
  um28nchhlogl35hsl140f_ffg0p99v125c (library) /media/0/LogicLibraries/UMC/28nm/35hs/hsl/hvt/latest/liberty/logic_synth/um28nchhlogl35hsl140f_ffg0p99v125c.db
  um28nchllogl35hsl140f_ffbc0p99v0c (library) /media/0/LogicLibraries/UMC/28nm/35hs/hsl/lvt/latest/liberty/logic_synth/um28nchllogl35hsl140f_ffbc0p99v0c.db
  um28nchllogl35hsl140f_ffbc0p99v125c (library) /media/0/LogicLibraries/UMC/28nm/35hs/hsl/lvt/latest/liberty/logic_synth/um28nchllogl35hsl140f_ffbc0p99v125c.db
  um28nchllogl35hsl140f_ffbc0p99vn40c (library) /media/0/LogicLibraries/UMC/28nm/35hs/hsl/lvt/latest/liberty/logic_synth/um28nchllogl35hsl140f_ffbc0p99vn40c.db
  um28nchllogl35hsl140f_ffg0p99v125c (library) /media/0/LogicLibraries/UMC/28nm/35hs/hsl/lvt/latest/liberty/logic_synth/um28nchllogl35hsl140f_ffg0p99v125c.db
  um28nchslogl35hsl140f_ffbc0p99v0c (library) /media/0/LogicLibraries/UMC/28nm/35hs/hsl/svt/latest/liberty/logic_synth/um28nchslogl35hsl140f_ffbc0p99v0c.db
  um28nchslogl35hsl140f_ffbc0p99v125c (library) /media/0/LogicLibraries/UMC/28nm/35hs/hsl/svt/latest/liberty/logic_synth/um28nchslogl35hsl140f_ffbc0p99v125c.db
  um28nchslogl35hsl140f_ffbc0p99vn40c (library) /media/0/LogicLibraries/UMC/28nm/35hs/hsl/svt/latest/liberty/logic_synth/um28nchslogl35hsl140f_ffbc0p99vn40c.db
  um28nchslogl35hsl140f_ffg0p99v125c (library) /media/0/LogicLibraries/UMC/28nm/35hs/hsl/svt/latest/liberty/logic_synth/um28nchslogl35hsl140f_ffg0p99v125c.db
  um28nchulogl35hsl140f_ffbc0p99v0c (library) /media/0/LogicLibraries/UMC/28nm/35hs/hsl/uhvt/latest/liberty/logic_synth/um28nchulogl35hsl140f_ffbc0p99v0c.db
  um28nchulogl35hsl140f_ffbc0p99v125c (library) /media/0/LogicLibraries/UMC/28nm/35hs/hsl/uhvt/latest/liberty/logic_synth/um28nchulogl35hsl140f_ffbc0p99v125c.db
  um28nchulogl35hsl140f_ffbc0p99vn40c (library) /media/0/LogicLibraries/UMC/28nm/35hs/hsl/uhvt/latest/liberty/logic_synth/um28nchulogl35hsl140f_ffbc0p99vn40c.db
  um28nchulogl35hsl140f_ffg0p99v125c (library) /media/0/LogicLibraries/UMC/28nm/35hs/hsl/uhvt/latest/liberty/logic_synth/um28nchulogl35hsl140f_ffg0p99v125c.db
  um28nchvlogl35hsl140f_ffbc0p99v0c (library) /media/0/LogicLibraries/UMC/28nm/35hs/hsl/ulvt/latest/liberty/logic_synth/um28nchvlogl35hsl140f_ffbc0p99v0c.db
  um28nchvlogl35hsl140f_ffbc0p99v125c (library) /media/0/LogicLibraries/UMC/28nm/35hs/hsl/ulvt/latest/liberty/logic_synth/um28nchvlogl35hsl140f_ffbc0p99v125c.db
  um28nchvlogl35hsl140f_ffbc0p99vn40c (library) /media/0/LogicLibraries/UMC/28nm/35hs/hsl/ulvt/latest/liberty/logic_synth/um28nchvlogl35hsl140f_ffbc0p99vn40c.db
  um28nchvlogl35hsl140f_ffg0p99v125c (library) /media/0/LogicLibraries/UMC/28nm/35hs/hsl/ulvt/latest/liberty/logic_synth/um28nchvlogl35hsl140f_ffg0p99v125c.db
  um28nchhlogl35hsl140f_tt0p9v125c (library) /media/0/LogicLibraries/UMC/28nm/35hs/hsl/hvt/latest/liberty/logic_synth/um28nchhlogl35hsl140f_tt0p9v125c.db
  um28nchhlogl35hsl140f_tt0p9v25c (library) /media/0/LogicLibraries/UMC/28nm/35hs/hsl/hvt/latest/liberty/logic_synth/um28nchhlogl35hsl140f_tt0p9v25c.db
  um28nchhlogl35hsl140f_tt0p9v85c (library) /media/0/LogicLibraries/UMC/28nm/35hs/hsl/hvt/latest/liberty/logic_synth/um28nchhlogl35hsl140f_tt0p9v85c.db
  um28nchllogl35hsl140f_tt0p9v125c (library) /media/0/LogicLibraries/UMC/28nm/35hs/hsl/lvt/latest/liberty/logic_synth/um28nchllogl35hsl140f_tt0p9v125c.db
  um28nchllogl35hsl140f_tt0p9v25c (library) /media/0/LogicLibraries/UMC/28nm/35hs/hsl/lvt/latest/liberty/logic_synth/um28nchllogl35hsl140f_tt0p9v25c.db
  um28nchllogl35hsl140f_tt0p9v85c (library) /media/0/LogicLibraries/UMC/28nm/35hs/hsl/lvt/latest/liberty/logic_synth/um28nchllogl35hsl140f_tt0p9v85c.db
  um28nchslogl35hsl140f_tt0p9v125c (library) /media/0/LogicLibraries/UMC/28nm/35hs/hsl/svt/latest/liberty/logic_synth/um28nchslogl35hsl140f_tt0p9v125c.db
  um28nchslogl35hsl140f_tt0p9v25c (library) /media/0/LogicLibraries/UMC/28nm/35hs/hsl/svt/latest/liberty/logic_synth/um28nchslogl35hsl140f_tt0p9v25c.db
  um28nchslogl35hsl140f_tt0p9v85c (library) /media/0/LogicLibraries/UMC/28nm/35hs/hsl/svt/latest/liberty/logic_synth/um28nchslogl35hsl140f_tt0p9v85c.db
  um28nchulogl35hsl140f_tt0p9v125c (library) /media/0/LogicLibraries/UMC/28nm/35hs/hsl/uhvt/latest/liberty/logic_synth/um28nchulogl35hsl140f_tt0p9v125c.db
  um28nchulogl35hsl140f_tt0p9v25c (library) /media/0/LogicLibraries/UMC/28nm/35hs/hsl/uhvt/latest/liberty/logic_synth/um28nchulogl35hsl140f_tt0p9v25c.db
  um28nchulogl35hsl140f_tt0p9v85c (library) /media/0/LogicLibraries/UMC/28nm/35hs/hsl/uhvt/latest/liberty/logic_synth/um28nchulogl35hsl140f_tt0p9v85c.db
  um28nchvlogl35hsl140f_tt0p9v125c (library) /media/0/LogicLibraries/UMC/28nm/35hs/hsl/ulvt/latest/liberty/logic_synth/um28nchvlogl35hsl140f_tt0p9v125c.db
  um28nchvlogl35hsl140f_tt0p9v25c (library) /media/0/LogicLibraries/UMC/28nm/35hs/hsl/ulvt/latest/liberty/logic_synth/um28nchvlogl35hsl140f_tt0p9v25c.db
  um28nchvlogl35hsl140f_tt0p9v85c (library) /media/0/LogicLibraries/UMC/28nm/35hs/hsl/ulvt/latest/liberty/logic_synth/um28nchvlogl35hsl140f_tt0p9v85c.db
  um28nchhlogl35hsl140f_ssgwc0p81v0c (library) /media/0/LogicLibraries/UMC/28nm/35hs/hsl/hvt/latest/liberty/logic_synth/um28nchhlogl35hsl140f_ssgwc0p81v0c.db
  um28nchhlogl35hsl140f_ssgwc0p81v125c (library) /media/0/LogicLibraries/UMC/28nm/35hs/hsl/hvt/latest/liberty/logic_synth/um28nchhlogl35hsl140f_ssgwc0p81v125c.db
  um28nchhlogl35hsl140f_ssgwc0p81vn40c (library) /media/0/LogicLibraries/UMC/28nm/35hs/hsl/hvt/latest/liberty/logic_synth/um28nchhlogl35hsl140f_ssgwc0p81vn40c.db
  um28nchhlogl35hsl140f_sswc0p81v0c (library) /media/0/LogicLibraries/UMC/28nm/35hs/hsl/hvt/latest/liberty/logic_synth/um28nchhlogl35hsl140f_sswc0p81v0c.db
  um28nchhlogl35hsl140f_sswc0p81v125c (library) /media/0/LogicLibraries/UMC/28nm/35hs/hsl/hvt/latest/liberty/logic_synth/um28nchhlogl35hsl140f_sswc0p81v125c.db
  um28nchhlogl35hsl140f_sswc0p81vn40c (library) /media/0/LogicLibraries/UMC/28nm/35hs/hsl/hvt/latest/liberty/logic_synth/um28nchhlogl35hsl140f_sswc0p81vn40c.db
  um28nchllogl35hsl140f_ssgwc0p81v0c (library) /media/0/LogicLibraries/UMC/28nm/35hs/hsl/lvt/latest/liberty/logic_synth/um28nchllogl35hsl140f_ssgwc0p81v0c.db
  um28nchllogl35hsl140f_ssgwc0p81v125c (library) /media/0/LogicLibraries/UMC/28nm/35hs/hsl/lvt/latest/liberty/logic_synth/um28nchllogl35hsl140f_ssgwc0p81v125c.db
  um28nchllogl35hsl140f_ssgwc0p81vn40c (library) /media/0/LogicLibraries/UMC/28nm/35hs/hsl/lvt/latest/liberty/logic_synth/um28nchllogl35hsl140f_ssgwc0p81vn40c.db
  um28nchllogl35hsl140f_sswc0p81v0c (library) /media/0/LogicLibraries/UMC/28nm/35hs/hsl/lvt/latest/liberty/logic_synth/um28nchllogl35hsl140f_sswc0p81v0c.db
  um28nchllogl35hsl140f_sswc0p81v125c (library) /media/0/LogicLibraries/UMC/28nm/35hs/hsl/lvt/latest/liberty/logic_synth/um28nchllogl35hsl140f_sswc0p81v125c.db
  um28nchllogl35hsl140f_sswc0p81vn40c (library) /media/0/LogicLibraries/UMC/28nm/35hs/hsl/lvt/latest/liberty/logic_synth/um28nchllogl35hsl140f_sswc0p81vn40c.db
  um28nchslogl35hsl140f_ssgwc0p81v0c (library) /media/0/LogicLibraries/UMC/28nm/35hs/hsl/svt/latest/liberty/logic_synth/um28nchslogl35hsl140f_ssgwc0p81v0c.db
  um28nchslogl35hsl140f_ssgwc0p81v125c (library) /media/0/LogicLibraries/UMC/28nm/35hs/hsl/svt/latest/liberty/logic_synth/um28nchslogl35hsl140f_ssgwc0p81v125c.db
  um28nchslogl35hsl140f_ssgwc0p81vn40c (library) /media/0/LogicLibraries/UMC/28nm/35hs/hsl/svt/latest/liberty/logic_synth/um28nchslogl35hsl140f_ssgwc0p81vn40c.db
  um28nchslogl35hsl140f_sswc0p81v0c (library) /media/0/LogicLibraries/UMC/28nm/35hs/hsl/svt/latest/liberty/logic_synth/um28nchslogl35hsl140f_sswc0p81v0c.db
  um28nchslogl35hsl140f_sswc0p81v125c (library) /media/0/LogicLibraries/UMC/28nm/35hs/hsl/svt/latest/liberty/logic_synth/um28nchslogl35hsl140f_sswc0p81v125c.db
  um28nchslogl35hsl140f_sswc0p81vn40c (library) /media/0/LogicLibraries/UMC/28nm/35hs/hsl/svt/latest/liberty/logic_synth/um28nchslogl35hsl140f_sswc0p81vn40c.db
  um28nchulogl35hsl140f_ssgwc0p81v0c (library) /media/0/LogicLibraries/UMC/28nm/35hs/hsl/uhvt/latest/liberty/logic_synth/um28nchulogl35hsl140f_ssgwc0p81v0c.db
  um28nchulogl35hsl140f_ssgwc0p81v125c (library) /media/0/LogicLibraries/UMC/28nm/35hs/hsl/uhvt/latest/liberty/logic_synth/um28nchulogl35hsl140f_ssgwc0p81v125c.db
  um28nchulogl35hsl140f_ssgwc0p81vn40c (library) /media/0/LogicLibraries/UMC/28nm/35hs/hsl/uhvt/latest/liberty/logic_synth/um28nchulogl35hsl140f_ssgwc0p81vn40c.db
  um28nchulogl35hsl140f_sswc0p81v0c (library) /media/0/LogicLibraries/UMC/28nm/35hs/hsl/uhvt/latest/liberty/logic_synth/um28nchulogl35hsl140f_sswc0p81v0c.db
  um28nchulogl35hsl140f_sswc0p81v125c (library) /media/0/LogicLibraries/UMC/28nm/35hs/hsl/uhvt/latest/liberty/logic_synth/um28nchulogl35hsl140f_sswc0p81v125c.db
  um28nchulogl35hsl140f_sswc0p81vn40c (library) /media/0/LogicLibraries/UMC/28nm/35hs/hsl/uhvt/latest/liberty/logic_synth/um28nchulogl35hsl140f_sswc0p81vn40c.db
  um28nchvlogl35hsl140f_ssgwc0p81v0c (library) /media/0/LogicLibraries/UMC/28nm/35hs/hsl/ulvt/latest/liberty/logic_synth/um28nchvlogl35hsl140f_ssgwc0p81v0c.db
  um28nchvlogl35hsl140f_ssgwc0p81v125c (library) /media/0/LogicLibraries/UMC/28nm/35hs/hsl/ulvt/latest/liberty/logic_synth/um28nchvlogl35hsl140f_ssgwc0p81v125c.db
  um28nchvlogl35hsl140f_ssgwc0p81vn40c (library) /media/0/LogicLibraries/UMC/28nm/35hs/hsl/ulvt/latest/liberty/logic_synth/um28nchvlogl35hsl140f_ssgwc0p81vn40c.db
  um28nchvlogl35hsl140f_sswc0p81v0c (library) /media/0/LogicLibraries/UMC/28nm/35hs/hsl/ulvt/latest/liberty/logic_synth/um28nchvlogl35hsl140f_sswc0p81v0c.db
  um28nchvlogl35hsl140f_sswc0p81v125c (library) /media/0/LogicLibraries/UMC/28nm/35hs/hsl/ulvt/latest/liberty/logic_synth/um28nchvlogl35hsl140f_sswc0p81v125c.db
  um28nchvlogl35hsl140f_sswc0p81vn40c (library) /media/0/LogicLibraries/UMC/28nm/35hs/hsl/ulvt/latest/liberty/logic_synth/um28nchvlogl35hsl140f_sswc0p81vn40c.db

1
uniquify
Information: Uniquified 4 instances of design 'DECODER'. (OPT-1056)
1
# ---------------------------------------
# 2. Constraints Setting
# ---------------------------------------
# Clock
# Reduce clock period to model wire delay (60% of original period)
set delay_percentage 0.6
0.6
set clk_period [expr 1000 / double($clk_freq)]
1.25
set clk_period [expr $clk_period * $delay_percentage]
0.75
if {[sizeof_collection [get_ports $clk_port_name]] > 0} {
  # Create real clock if clock port is found
  set clk_name $clk_port_name
  create_clock -period $clk_period -name $clk_name
  # If real clock, set infinite drive strength
  set_drive 0 $clk_name
} elseif {[sizeof_collection [get_ports $clk_port_name]] == 0} {
  # Create virtual clock if clock port is not found
  set clk_name vclk
  create_clock -period $clk_period -name $clk_name
}
Warning: Creating virtual clock named 'clk' with no sources. (UID-348)
1
# Apply default timing constraints for modules
set_input_delay   [expr 2/3 * double($clk_period)] [all_inputs] -clock $clk_name
1
set_output_delay  [expr 2/3 * double($clk_period)] [all_outputs] -clock $clk_name
1
# Transition time of a slope that drives the port,
# such that a higher transition value means longer delays
# This prevents the hold time violations that we don't have to care about
set_input_transition 0.1 [all_inputs]
1
# Area
# If max_area is set 0, DesignCompiler will minimize the design as small as possible
set_max_area 0 
1
# ---------------------------------------
# 3. Compilation
# ---------------------------------------
compile_ultra
Loading db file '/usr/synopsys/syn/Q-2019.12-SP5-5/libraries/syn/dw_foundation.sldb'
Warning: DesignWare synthetic library dw_foundation.sldb is added to the synthetic_library in the current command. (UISN-40)
Information: Performing power optimization. (PWR-850)
Analyzing: "/media/0/LogicLibraries/UMC/28nm/35hs/hsl/hvt/latest/liberty/logic_synth/um28nchhlogl35hsl140f_ssgwc0p81vn40c.db"
Analyzing: "/media/0/LogicLibraries/UMC/28nm/35hs/hsl/hvt/latest/liberty/logic_synth/um28nchhlogl35hsl140f_sswc0p81vn40c.db"
Analyzing: "/media/0/LogicLibraries/UMC/28nm/35hs/hsl/lvt/latest/liberty/logic_synth/um28nchllogl35hsl140f_ssgwc0p81vn40c.db"
Analyzing: "/media/0/LogicLibraries/UMC/28nm/35hs/hsl/lvt/latest/liberty/logic_synth/um28nchllogl35hsl140f_sswc0p81vn40c.db"
Analyzing: "/media/0/LogicLibraries/UMC/28nm/35hs/hsl/svt/latest/liberty/logic_synth/um28nchslogl35hsl140f_ssgwc0p81vn40c.db"
Analyzing: "/media/0/LogicLibraries/UMC/28nm/35hs/hsl/svt/latest/liberty/logic_synth/um28nchslogl35hsl140f_sswc0p81vn40c.db"
Analyzing: "/media/0/LogicLibraries/UMC/28nm/35hs/hsl/uhvt/latest/liberty/logic_synth/um28nchulogl35hsl140f_ssgwc0p81vn40c.db"
Analyzing: "/media/0/LogicLibraries/UMC/28nm/35hs/hsl/uhvt/latest/liberty/logic_synth/um28nchulogl35hsl140f_sswc0p81vn40c.db"
Analyzing: "/media/0/LogicLibraries/UMC/28nm/35hs/hsl/ulvt/latest/liberty/logic_synth/um28nchvlogl35hsl140f_ssgwc0p81vn40c.db"
Analyzing: "/media/0/LogicLibraries/UMC/28nm/35hs/hsl/ulvt/latest/liberty/logic_synth/um28nchvlogl35hsl140f_sswc0p81vn40c.db"
Library analysis succeeded.
Information: Evaluating DesignWare library utilization. (UISN-27)

============================================================================
| DesignWare Building Block Library  |         Version         | Available |
============================================================================
| Basic DW Building Blocks           | Q-2019.12-DWBB_201912.5 |     *     |
| Licensed DW Building Blocks        | Q-2019.12-DWBB_201912.5 |     *     |
============================================================================

Information: Sequential output inversion is enabled.  SVF file must be used for formal verification. (OPT-1208)

Information: There are 334 potential problems in your design. Please run 'check_design' for more information. (LINT-99)

  Simplifying Design 'DECOMP_TOP'

  Loading target library 'um28nchhlogl35hsl140f_sswc0p81vn40c'
  Loading target library 'um28nchllogl35hsl140f_sswc0p81vn40c'
  Loading target library 'um28nchslogl35hsl140f_sswc0p81vn40c'
  Loading target library 'um28nchulogl35hsl140f_sswc0p81vn40c'
  Loading target library 'um28nchvlogl35hsl140f_sswc0p81vn40c'
Loaded alib file './alib-52/um28nchhlogl35hsl140f_ssgwc0p81vn40c.db.alib'
Loaded alib file './alib-52/um28nchhlogl35hsl140f_sswc0p81vn40c.db.alib'
Loaded alib file './alib-52/um28nchllogl35hsl140f_ssgwc0p81vn40c.db.alib' (placeholder)
Loaded alib file './alib-52/um28nchllogl35hsl140f_sswc0p81vn40c.db.alib' (placeholder)
Loaded alib file './alib-52/um28nchslogl35hsl140f_ssgwc0p81vn40c.db.alib' (placeholder)
Loaded alib file './alib-52/um28nchslogl35hsl140f_sswc0p81vn40c.db.alib' (placeholder)
Loaded alib file './alib-52/um28nchulogl35hsl140f_ssgwc0p81vn40c.db.alib' (placeholder)
Loaded alib file './alib-52/um28nchulogl35hsl140f_sswc0p81vn40c.db.alib' (placeholder)
Loaded alib file './alib-52/um28nchvlogl35hsl140f_ssgwc0p81vn40c.db.alib' (placeholder)
Loaded alib file './alib-52/um28nchvlogl35hsl140f_sswc0p81vn40c.db.alib' (placeholder)
  Building model 'DW01_NAND2'
Information: Ungrouping hierarchy SR_DECOMP_ENGINE before Pass 1 (OPT-776)
Information: Ungrouping hierarchy BPC_DECOMP_ENGINE/DEC_GRP/decoders[0].dec before Pass 1 (OPT-776)
Information: Ungrouping hierarchy BPC_DECOMP_ENGINE/DEC_GRP/decoders[3].dec before Pass 1 (OPT-776)
Information: Ungrouping hierarchy BPC_DECOMP_ENGINE/DEC_GRP/decoders[2].dec before Pass 1 (OPT-776)
Information: Ungrouping hierarchy BPC_DECOMP_ENGINE/DEC_GRP/decoders[1].dec before Pass 1 (OPT-776)
Information: Ungrouping 5 of 9 hierarchies before Pass 1 (OPT-775)
Information: State dependent leakage is now switched from on to off.

  Beginning Pass 1 Mapping
  ------------------------
  Processing 'BPC_DECOMP'
Information: Added key list 'DesignWare' to design 'BPC_DECOMP'. (DDB-72)
 Implement Synthetic for 'BPC_DECOMP'.
  Processing 'ZRLE_DECOMP'
Information: Added key list 'DesignWare' to design 'ZRLE_DECOMP'. (DDB-72)
 Implement Synthetic for 'ZRLE_DECOMP'.
  Processing 'DECODER_GROUP'
Information: Added key list 'DesignWare' to design 'DECODER_GROUP'. (DDB-72)
 Implement Synthetic for 'DECODER_GROUP'.
  Processing 'DECOMP_TOP'
Information: Added key list 'DesignWare' to design 'DECOMP_TOP'. (DDB-72)

  Updating timing information
Information: Updating design information... (UID-85)
Information: The library cell 'STM_TIE1_1' in the library 'um28nchhlogl35hsl140f_ssgwc0p81vn40c' is not characterized for internal power. (PWR-536)
Information: The library cell 'STM_TIE0_1' in the library 'um28nchhlogl35hsl140f_ssgwc0p81vn40c' is not characterized for internal power. (PWR-536)
Information: The library cell 'STQ_TIE1_1' in the library 'um28nchllogl35hsl140f_ssgwc0p81vn40c' is not characterized for internal power. (PWR-536)
Information: The library cell 'STQ_TIE0_1' in the library 'um28nchllogl35hsl140f_ssgwc0p81vn40c' is not characterized for internal power. (PWR-536)
Information: The library cell 'STP_TIE1_1' in the library 'um28nchslogl35hsl140f_ssgwc0p81vn40c' is not characterized for internal power. (PWR-536)
Information: The library cell 'STP_TIE0_1' in the library 'um28nchslogl35hsl140f_ssgwc0p81vn40c' is not characterized for internal power. (PWR-536)
Information: The library cell 'STC_TIE1_1' in the library 'um28nchulogl35hsl140f_ssgwc0p81vn40c' is not characterized for internal power. (PWR-536)
Information: The library cell 'STC_TIE0_1' in the library 'um28nchulogl35hsl140f_ssgwc0p81vn40c' is not characterized for internal power. (PWR-536)
Information: The library cell 'STR_TIE1_1' in the library 'um28nchvlogl35hsl140f_ssgwc0p81vn40c' is not characterized for internal power. (PWR-536)
Information: The library cell 'STR_TIE0_1' in the library 'um28nchvlogl35hsl140f_ssgwc0p81vn40c' is not characterized for internal power. (PWR-536)
Information: The target library(s) contains cell(s), other than black boxes, that are not characterized for internal power. (PWR-24)

Threshold voltage group cell usage:
>> HVT35 100.00%, LVT35 0.00%, SVT35 0.00%, UHVT35 0.00%, ULVT35 0.00%

  Beginning Mapping Optimizations  (Ultra High effort)
  -------------------------------
  Mapping Optimization (Phase 1)
Information: The register 'ZRL_DECOMP_ENGINE/code_buf_reg[0]' is a constant and will be removed. (OPT-1206)

                                  TOTAL                                                
   ELAPSED            WORST NEG   SETUP    DESIGN                              LEAKAGE 
    TIME      AREA      SLACK     COST    RULE COST         ENDPOINT            POWER  
  --------- --------- --------- --------- --------- ------------------------- ---------
    0:04:35   29642.3      0.00       0.0       0.0                            356.8714
    0:04:37   29529.4      0.00       0.0       0.0                            355.5250

Threshold voltage group cell usage:
>> HVT35 100.00%, LVT35 0.00%, SVT35 0.00%, UHVT35 0.00%, ULVT35 0.00%

  Beginning Constant Register Removal
  -----------------------------------
    0:04:38   29810.4      0.00       0.0       0.0                            360.3578
    0:04:39   29810.4      0.00       0.0       0.0                            360.3578

Threshold voltage group cell usage:
>> HVT35 100.00%, LVT35 0.00%, SVT35 0.00%, UHVT35 0.00%, ULVT35 0.00%

  Beginning Global Optimizations
  ------------------------------
  Numerical Synthesis (Phase 1)
  Numerical Synthesis (Phase 2)
  Global Optimization (Phase 1)
  Global Optimization (Phase 2)
  Global Optimization (Phase 3)
  Global Optimization (Phase 4)
  Global Optimization (Phase 5)
  Global Optimization (Phase 6)
  Global Optimization (Phase 7)
  Global Optimization (Phase 8)
  Global Optimization (Phase 9)
  Global Optimization (Phase 10)
  Global Optimization (Phase 11)
  Global Optimization (Phase 12)
  Global Optimization (Phase 13)
  Global Optimization (Phase 14)
  Global Optimization (Phase 15)
  Global Optimization (Phase 16)
  Global Optimization (Phase 17)
  Global Optimization (Phase 18)
  Global Optimization (Phase 19)
  Global Optimization (Phase 20)
  Global Optimization (Phase 21)
  Global Optimization (Phase 22)
  Global Optimization (Phase 23)
  Global Optimization (Phase 24)
  Global Optimization (Phase 25)
  Global Optimization (Phase 26)
  Global Optimization (Phase 27)
  Global Optimization (Phase 28)
  Global Optimization (Phase 29)
  Global Optimization (Phase 30)
  Global Optimization (Phase 31)

Threshold voltage group cell usage:
>> HVT35 100.00%, LVT35 0.00%, SVT35 0.00%, UHVT35 0.00%, ULVT35 0.00%

  Beginning Isolate Ports
  -----------------------

Threshold voltage group cell usage:
>> HVT35 100.00%, LVT35 0.00%, SVT35 0.00%, UHVT35 0.00%, ULVT35 0.00%

  Beginning Delay Optimization
  ----------------------------
    0:04:55   18500.7      0.00       0.0       0.0                            196.0437
    0:04:55   18500.7      0.00       0.0       0.0                            196.0437
    0:04:55   18500.7      0.00       0.0       0.0                            196.0437
    0:04:56   18500.7      0.00       0.0       0.0                            196.0437

Threshold voltage group cell usage:
>> HVT35 100.00%, LVT35 0.00%, SVT35 0.00%, UHVT35 0.00%, ULVT35 0.00%
    0:04:59   18477.6      0.00       0.0       0.0                            195.6536
    0:05:00   18461.0      0.00       0.0       0.0                            195.5538

  Beginning WLM Backend Optimization
  --------------------------------------
    0:05:25   16393.4      0.00       0.0       0.0                            157.1351

Threshold voltage group cell usage:
>> HVT35 100.00%, LVT35 0.00%, SVT35 0.00%, UHVT35 0.00%, ULVT35 0.00%

  Beginning Delay Optimization HSVT Pass
  --------------------------------------
    0:05:31   16379.8      0.00       0.0       0.0                            157.0025
    0:05:31   16379.8      0.00       0.0       0.0                            157.0025
    0:05:31   16379.8      0.00       0.0       0.0                            157.0025
    0:05:31   16379.8      0.00       0.0       0.0                            157.0025
    0:05:37   16379.8      0.00       0.0       0.0                            157.0025
    0:05:37   16379.8      0.00       0.0       0.0                            157.0025
    0:05:37   16379.8      0.00       0.0       0.0                            157.0025
    0:05:37   16379.8      0.00       0.0       0.0                            157.0025
    0:05:46   16379.8      0.00       0.0       0.0                            157.0025
    0:05:46   16379.8      0.00       0.0       0.0                            157.0025
    0:05:46   16379.8      0.00       0.0       0.0                            157.0025
    0:05:46   16379.8      0.00       0.0       0.0                            157.0025
    0:05:57   16379.8      0.00       0.0       0.0                            157.0025
    0:05:57   16379.8      0.00       0.0       0.0                            157.0025
    0:05:57   16379.8      0.00       0.0       0.0                            157.0025
    0:06:09   16159.9      0.00       0.0       0.0                            121.8627
    0:06:10   16159.9      0.00       0.0       0.0                            121.8627
    0:06:10   16159.9      0.00       0.0       0.0                            121.8627
    0:06:10   16159.9      0.00       0.0       0.0                            121.8627
    0:06:10   16159.9      0.00       0.0       0.0                            121.8627
    0:06:10   16159.9      0.00       0.0       0.0                            121.8627
    0:06:10   16159.9      0.00       0.0       0.0                            121.8627
    0:06:10   16159.9      0.00       0.0       0.0                            121.8627
    0:06:10   16159.9      0.00       0.0       0.0                            121.8627
    0:06:10   16159.9      0.00       0.0       0.0                            121.8627
    0:06:10   16159.9      0.00       0.0       0.0                            121.8627

Threshold voltage group cell usage:
>> HVT35 100.00%, LVT35 0.00%, SVT35 0.00%, UHVT35 0.00%, ULVT35 0.00%

  Beginning Delay Optimization
  ----------------------------
    0:06:10   16159.9      0.00       0.0       0.0                            121.8627
    0:06:10   16159.9      0.00       0.0       0.0                            121.8627
    0:06:10   16159.9      0.00       0.0       0.0                            121.8627
    0:06:10   16159.9      0.00       0.0       0.0                            121.8627
    0:06:10   16159.9      0.00       0.0       0.0                            121.8627
    0:06:10   16159.9      0.00       0.0       0.0                            121.8627
    0:06:10   16159.9      0.00       0.0       0.0                            121.8627
    0:06:10   16159.9      0.00       0.0       0.0                            121.8627


  Beginning Design Rule Fixing  (min_capacitance)
  ----------------------------

                                  TOTAL                                                
   ELAPSED            WORST NEG   SETUP    DESIGN                              LEAKAGE 
    TIME      AREA      SLACK     COST    RULE COST         ENDPOINT            POWER  
  --------- --------- --------- --------- --------- ------------------------- ---------
    0:06:10   16159.9      0.00       0.0       0.0                            121.8627
  Global Optimization (Phase 32)
  Global Optimization (Phase 33)
  Global Optimization (Phase 34)
    0:06:10   16159.9      0.00       0.0       0.0                            121.8627
    0:06:10   16159.9      0.00       0.0       0.0                            121.8627

Threshold voltage group cell usage:
>> HVT35 100.00%, LVT35 0.00%, SVT35 0.00%, UHVT35 0.00%, ULVT35 0.00%


  Beginning Leakage Power Optimization  (max_leakage_power 0)
  ------------------------------------

                                  TOTAL                                                
   ELAPSED            WORST NEG   SETUP    DESIGN                              LEAKAGE 
    TIME      AREA      SLACK     COST    RULE COST         ENDPOINT            POWER  
  --------- --------- --------- --------- --------- ------------------------- ---------
    0:06:10   16159.9      0.00       0.0       0.0                            121.8627
  Global Optimization (Phase 35)
  Global Optimization (Phase 36)
  Global Optimization (Phase 37)
  Global Optimization (Phase 38)
  Global Optimization (Phase 39)
  Global Optimization (Phase 40)
  Global Optimization (Phase 41)
  Global Optimization (Phase 42)
  Global Optimization (Phase 43)
  Global Optimization (Phase 44)
  Global Optimization (Phase 45)
  Global Optimization (Phase 46)
  Global Optimization (Phase 47)
  Global Optimization (Phase 48)
  Global Optimization (Phase 49)
  Global Optimization (Phase 50)
    0:06:15   17718.8      0.00       0.0       0.0                            289.6158
    0:06:15   17718.8      0.00       0.0       0.0                            289.6158
    0:06:15   17718.8      0.00       0.0       0.0                            289.6158
    0:06:18   16218.7      0.00       0.0       0.0                            121.6982
    0:06:18   16218.7      0.00       0.0       0.0                            121.6982
    0:06:18   16218.7      0.00       0.0       0.0                            121.6982
    0:06:18   16218.7      0.00       0.0       0.0                            121.6982
    0:06:18   16218.7      0.00       0.0       0.0                            121.6982
    0:06:18   16218.7      0.00       0.0       0.0                            121.6982
    0:06:18   16218.7      0.00       0.0       0.0                            121.6982
    0:06:18   16218.7      0.00       0.0       0.0                            121.6982
    0:06:18   16218.7      0.00       0.0       0.0                            121.6982
    0:06:18   16218.7      0.00       0.0       0.0                            121.6982
    0:06:18   16218.7      0.00       0.0       0.0                            121.6982
    0:06:18   16218.7      0.00       0.0       0.0                            121.6982
    0:06:18   16218.7      0.00       0.0       0.0                            121.6982
    0:06:18   16218.7      0.00       0.0       0.0                            121.6982
    0:06:18   16218.7      0.00       0.0       0.0                            121.6982
    0:06:18   16218.7      0.00       0.0       0.0                            121.6982
    0:06:18   16218.7      0.00       0.0       0.0                            121.6982
    0:06:18   16218.7      0.00       0.0       0.0                            121.6982
    0:06:18   16218.7      0.00       0.0       0.0                            121.6982

                                  TOTAL                                                
   ELAPSED            WORST NEG   SETUP    DESIGN                              LEAKAGE 
    TIME      AREA      SLACK     COST    RULE COST         ENDPOINT            POWER  
  --------- --------- --------- --------- --------- ------------------------- ---------
    0:06:19   16218.7      0.00       0.0       0.0                            121.7015
    0:06:28   16177.9      0.00       0.0       0.0                            121.8132
    0:06:28   16177.9      0.00       0.0       0.0                            121.8132
    0:06:28   16177.9      0.00       0.0       0.0                            121.8132
    0:06:31   16179.2      0.00       0.0       0.0                            121.3499

Threshold voltage group cell usage:
>> HVT35 99.98%, LVT35 0.02%, SVT35 0.01%, UHVT35 0.00%, ULVT35 0.00%

  Beginning Delay Optimization HSVT Pass
  --------------------------------------
    0:06:36   16179.2      0.00       0.0       0.0                            121.3499
    0:06:36   16179.2      0.00       0.0       0.0                            121.3499
    0:06:36   16179.2      0.00       0.0       0.0                            121.3499
    0:06:36   16179.2      0.00       0.0       0.0                            121.3499
    0:06:43   16179.2      0.00       0.0       0.0                            121.3499
    0:06:43   16179.2      0.00       0.0       0.0                            121.3499
    0:06:43   16179.2      0.00       0.0       0.0                            121.3499
    0:06:43   16179.2      0.00       0.0       0.0                            121.3499
    0:06:51   16179.2      0.00       0.0       0.0                            121.3499
    0:06:51   16179.2      0.00       0.0       0.0                            121.3499
    0:06:51   16179.2      0.00       0.0       0.0                            121.3499
    0:06:51   16179.2      0.00       0.0       0.0                            121.3499
    0:07:06   16056.8      0.00       0.0       0.0                            120.1460
    0:07:06   16056.8      0.00       0.0       0.0                            120.1460
    0:07:06   16056.8      0.00       0.0       0.0                            120.1460
    0:07:06   16056.8      0.00       0.0       0.0                            120.1460
    0:07:06   16056.8      0.00       0.0       0.0                            120.1492
    0:07:06   16056.8      0.00       0.0       0.0                            120.1492
    0:07:08   16053.4      0.00       0.0       0.0                            120.0025
Loading db file '/media/0/LogicLibraries/UMC/28nm/35hs/hsl/hvt/latest/liberty/logic_synth/um28nchhlogl35hsl140f_ffbc0p99v0c.db'
Loading db file '/media/0/LogicLibraries/UMC/28nm/35hs/hsl/hvt/latest/liberty/logic_synth/um28nchhlogl35hsl140f_ffbc0p99v125c.db'
Loading db file '/media/0/LogicLibraries/UMC/28nm/35hs/hsl/hvt/latest/liberty/logic_synth/um28nchhlogl35hsl140f_ffbc0p99vn40c.db'
Loading db file '/media/0/LogicLibraries/UMC/28nm/35hs/hsl/hvt/latest/liberty/logic_synth/um28nchhlogl35hsl140f_ffg0p99v125c.db'
Loading db file '/media/0/LogicLibraries/UMC/28nm/35hs/hsl/lvt/latest/liberty/logic_synth/um28nchllogl35hsl140f_ffbc0p99v0c.db'
Loading db file '/media/0/LogicLibraries/UMC/28nm/35hs/hsl/lvt/latest/liberty/logic_synth/um28nchllogl35hsl140f_ffbc0p99v125c.db'
Loading db file '/media/0/LogicLibraries/UMC/28nm/35hs/hsl/lvt/latest/liberty/logic_synth/um28nchllogl35hsl140f_ffbc0p99vn40c.db'
Loading db file '/media/0/LogicLibraries/UMC/28nm/35hs/hsl/lvt/latest/liberty/logic_synth/um28nchllogl35hsl140f_ffg0p99v125c.db'
Loading db file '/media/0/LogicLibraries/UMC/28nm/35hs/hsl/svt/latest/liberty/logic_synth/um28nchslogl35hsl140f_ffbc0p99v0c.db'
Loading db file '/media/0/LogicLibraries/UMC/28nm/35hs/hsl/svt/latest/liberty/logic_synth/um28nchslogl35hsl140f_ffbc0p99v125c.db'
Loading db file '/media/0/LogicLibraries/UMC/28nm/35hs/hsl/svt/latest/liberty/logic_synth/um28nchslogl35hsl140f_ffbc0p99vn40c.db'
Loading db file '/media/0/LogicLibraries/UMC/28nm/35hs/hsl/svt/latest/liberty/logic_synth/um28nchslogl35hsl140f_ffg0p99v125c.db'
Loading db file '/media/0/LogicLibraries/UMC/28nm/35hs/hsl/uhvt/latest/liberty/logic_synth/um28nchulogl35hsl140f_ffbc0p99v0c.db'
Loading db file '/media/0/LogicLibraries/UMC/28nm/35hs/hsl/uhvt/latest/liberty/logic_synth/um28nchulogl35hsl140f_ffbc0p99v125c.db'
Loading db file '/media/0/LogicLibraries/UMC/28nm/35hs/hsl/uhvt/latest/liberty/logic_synth/um28nchulogl35hsl140f_ffbc0p99vn40c.db'
Loading db file '/media/0/LogicLibraries/UMC/28nm/35hs/hsl/uhvt/latest/liberty/logic_synth/um28nchulogl35hsl140f_ffg0p99v125c.db'
Loading db file '/media/0/LogicLibraries/UMC/28nm/35hs/hsl/ulvt/latest/liberty/logic_synth/um28nchvlogl35hsl140f_ffbc0p99v0c.db'
Loading db file '/media/0/LogicLibraries/UMC/28nm/35hs/hsl/ulvt/latest/liberty/logic_synth/um28nchvlogl35hsl140f_ffbc0p99v125c.db'
Loading db file '/media/0/LogicLibraries/UMC/28nm/35hs/hsl/ulvt/latest/liberty/logic_synth/um28nchvlogl35hsl140f_ffbc0p99vn40c.db'
Loading db file '/media/0/LogicLibraries/UMC/28nm/35hs/hsl/ulvt/latest/liberty/logic_synth/um28nchvlogl35hsl140f_ffg0p99v125c.db'
Loading db file '/media/0/LogicLibraries/UMC/28nm/35hs/hsl/hvt/latest/liberty/logic_synth/um28nchhlogl35hsl140f_tt0p9v125c.db'
Loading db file '/media/0/LogicLibraries/UMC/28nm/35hs/hsl/hvt/latest/liberty/logic_synth/um28nchhlogl35hsl140f_tt0p9v25c.db'
Loading db file '/media/0/LogicLibraries/UMC/28nm/35hs/hsl/hvt/latest/liberty/logic_synth/um28nchhlogl35hsl140f_tt0p9v85c.db'
Loading db file '/media/0/LogicLibraries/UMC/28nm/35hs/hsl/lvt/latest/liberty/logic_synth/um28nchllogl35hsl140f_tt0p9v125c.db'
Loading db file '/media/0/LogicLibraries/UMC/28nm/35hs/hsl/lvt/latest/liberty/logic_synth/um28nchllogl35hsl140f_tt0p9v25c.db'
Loading db file '/media/0/LogicLibraries/UMC/28nm/35hs/hsl/lvt/latest/liberty/logic_synth/um28nchllogl35hsl140f_tt0p9v85c.db'
Loading db file '/media/0/LogicLibraries/UMC/28nm/35hs/hsl/svt/latest/liberty/logic_synth/um28nchslogl35hsl140f_tt0p9v125c.db'
Loading db file '/media/0/LogicLibraries/UMC/28nm/35hs/hsl/svt/latest/liberty/logic_synth/um28nchslogl35hsl140f_tt0p9v25c.db'
Loading db file '/media/0/LogicLibraries/UMC/28nm/35hs/hsl/svt/latest/liberty/logic_synth/um28nchslogl35hsl140f_tt0p9v85c.db'
Loading db file '/media/0/LogicLibraries/UMC/28nm/35hs/hsl/uhvt/latest/liberty/logic_synth/um28nchulogl35hsl140f_tt0p9v125c.db'
Loading db file '/media/0/LogicLibraries/UMC/28nm/35hs/hsl/uhvt/latest/liberty/logic_synth/um28nchulogl35hsl140f_tt0p9v25c.db'
Loading db file '/media/0/LogicLibraries/UMC/28nm/35hs/hsl/uhvt/latest/liberty/logic_synth/um28nchulogl35hsl140f_tt0p9v85c.db'
Loading db file '/media/0/LogicLibraries/UMC/28nm/35hs/hsl/ulvt/latest/liberty/logic_synth/um28nchvlogl35hsl140f_tt0p9v125c.db'
Loading db file '/media/0/LogicLibraries/UMC/28nm/35hs/hsl/ulvt/latest/liberty/logic_synth/um28nchvlogl35hsl140f_tt0p9v25c.db'
Loading db file '/media/0/LogicLibraries/UMC/28nm/35hs/hsl/ulvt/latest/liberty/logic_synth/um28nchvlogl35hsl140f_tt0p9v85c.db'
Loading db file '/media/0/LogicLibraries/UMC/28nm/35hs/hsl/hvt/latest/liberty/logic_synth/um28nchhlogl35hsl140f_ssgwc0p81v0c.db'
Loading db file '/media/0/LogicLibraries/UMC/28nm/35hs/hsl/hvt/latest/liberty/logic_synth/um28nchhlogl35hsl140f_ssgwc0p81v125c.db'
Loading db file '/media/0/LogicLibraries/UMC/28nm/35hs/hsl/hvt/latest/liberty/logic_synth/um28nchhlogl35hsl140f_ssgwc0p81vn40c.db'
Loading db file '/media/0/LogicLibraries/UMC/28nm/35hs/hsl/hvt/latest/liberty/logic_synth/um28nchhlogl35hsl140f_sswc0p81v0c.db'
Loading db file '/media/0/LogicLibraries/UMC/28nm/35hs/hsl/hvt/latest/liberty/logic_synth/um28nchhlogl35hsl140f_sswc0p81v125c.db'
Loading db file '/media/0/LogicLibraries/UMC/28nm/35hs/hsl/lvt/latest/liberty/logic_synth/um28nchllogl35hsl140f_ssgwc0p81v0c.db'
Loading db file '/media/0/LogicLibraries/UMC/28nm/35hs/hsl/lvt/latest/liberty/logic_synth/um28nchllogl35hsl140f_ssgwc0p81v125c.db'
Loading db file '/media/0/LogicLibraries/UMC/28nm/35hs/hsl/lvt/latest/liberty/logic_synth/um28nchllogl35hsl140f_ssgwc0p81vn40c.db'
Loading db file '/media/0/LogicLibraries/UMC/28nm/35hs/hsl/lvt/latest/liberty/logic_synth/um28nchllogl35hsl140f_sswc0p81v0c.db'
Loading db file '/media/0/LogicLibraries/UMC/28nm/35hs/hsl/lvt/latest/liberty/logic_synth/um28nchllogl35hsl140f_sswc0p81v125c.db'
Loading db file '/media/0/LogicLibraries/UMC/28nm/35hs/hsl/svt/latest/liberty/logic_synth/um28nchslogl35hsl140f_ssgwc0p81v0c.db'
Loading db file '/media/0/LogicLibraries/UMC/28nm/35hs/hsl/svt/latest/liberty/logic_synth/um28nchslogl35hsl140f_ssgwc0p81v125c.db'
Loading db file '/media/0/LogicLibraries/UMC/28nm/35hs/hsl/svt/latest/liberty/logic_synth/um28nchslogl35hsl140f_ssgwc0p81vn40c.db'
Loading db file '/media/0/LogicLibraries/UMC/28nm/35hs/hsl/svt/latest/liberty/logic_synth/um28nchslogl35hsl140f_sswc0p81v0c.db'
Loading db file '/media/0/LogicLibraries/UMC/28nm/35hs/hsl/svt/latest/liberty/logic_synth/um28nchslogl35hsl140f_sswc0p81v125c.db'
Loading db file '/media/0/LogicLibraries/UMC/28nm/35hs/hsl/uhvt/latest/liberty/logic_synth/um28nchulogl35hsl140f_ssgwc0p81v0c.db'
Loading db file '/media/0/LogicLibraries/UMC/28nm/35hs/hsl/uhvt/latest/liberty/logic_synth/um28nchulogl35hsl140f_ssgwc0p81v125c.db'
Loading db file '/media/0/LogicLibraries/UMC/28nm/35hs/hsl/uhvt/latest/liberty/logic_synth/um28nchulogl35hsl140f_ssgwc0p81vn40c.db'
Loading db file '/media/0/LogicLibraries/UMC/28nm/35hs/hsl/uhvt/latest/liberty/logic_synth/um28nchulogl35hsl140f_sswc0p81v0c.db'
Loading db file '/media/0/LogicLibraries/UMC/28nm/35hs/hsl/uhvt/latest/liberty/logic_synth/um28nchulogl35hsl140f_sswc0p81v125c.db'
Loading db file '/media/0/LogicLibraries/UMC/28nm/35hs/hsl/ulvt/latest/liberty/logic_synth/um28nchvlogl35hsl140f_ssgwc0p81v0c.db'
Loading db file '/media/0/LogicLibraries/UMC/28nm/35hs/hsl/ulvt/latest/liberty/logic_synth/um28nchvlogl35hsl140f_ssgwc0p81v125c.db'
Loading db file '/media/0/LogicLibraries/UMC/28nm/35hs/hsl/ulvt/latest/liberty/logic_synth/um28nchvlogl35hsl140f_ssgwc0p81vn40c.db'
Loading db file '/media/0/LogicLibraries/UMC/28nm/35hs/hsl/ulvt/latest/liberty/logic_synth/um28nchvlogl35hsl140f_sswc0p81v0c.db'
Loading db file '/media/0/LogicLibraries/UMC/28nm/35hs/hsl/ulvt/latest/liberty/logic_synth/um28nchvlogl35hsl140f_sswc0p81v125c.db'
Loading db file '/media/0/LogicLibraries/UMC/28nm/35hs/hsl/hvt/latest/liberty/logic_synth/um28nchhlogl35hsl140f_sswc0p81vn40c.db'
Loading db file '/media/0/LogicLibraries/UMC/28nm/35hs/hsl/lvt/latest/liberty/logic_synth/um28nchllogl35hsl140f_sswc0p81vn40c.db'
Loading db file '/media/0/LogicLibraries/UMC/28nm/35hs/hsl/svt/latest/liberty/logic_synth/um28nchslogl35hsl140f_sswc0p81vn40c.db'
Loading db file '/media/0/LogicLibraries/UMC/28nm/35hs/hsl/uhvt/latest/liberty/logic_synth/um28nchulogl35hsl140f_sswc0p81vn40c.db'
Loading db file '/media/0/LogicLibraries/UMC/28nm/35hs/hsl/ulvt/latest/liberty/logic_synth/um28nchvlogl35hsl140f_sswc0p81vn40c.db'


Note: Symbol # after min delay cost means estimated hold TNS across all active scenarios 


  Optimization Complete
  ---------------------
Warning: Design 'DECOMP_TOP' contains 2 high-fanout nets. A fanout number of 1000 will be used for delay calculations involving these nets. (TIM-134)
     Net 'BPC_DECOMP_ENGINE/rst_n': 1388 load(s), 1 driver(s)
     Net 'BPC_DECOMP_ENGINE/clk': 1388 load(s), 1 driver(s)
  Loading target library 'um28nchhlogl35hsl140f_sswc0p81vn40c'
  Loading target library 'um28nchllogl35hsl140f_sswc0p81vn40c'
  Loading target library 'um28nchslogl35hsl140f_sswc0p81vn40c'
  Loading target library 'um28nchulogl35hsl140f_sswc0p81vn40c'
  Loading target library 'um28nchvlogl35hsl140f_sswc0p81vn40c'
Information: State dependent leakage is now switched from off to on.
Information: Propagating switching activity (low effort zero delay simulation). (PWR-6)
1
# ---------------------------------------
# 4. Design Reports
# ---------------------------------------
check_design  > $topmodule_name.check_design.rpt
report_constraint -all_violators -verbose -sig 10 > $topmodule_name.all_viol.rpt
report_design > $topmodule_name.design.rpt
report_area -physical -hierarchy > $topmodule_name.area.rpt
report_cell > $topmodule_name.cell.rpt
report_qor > $topmodule_name.qor.rpt
report_reference > $topmodule_name.reference.rpt
report_resources > $topmodule_name.resources.rpt
report_hierarchy -full > $topmodule_name.hierarchy.rpt
report_timing -nworst 10 -max_paths 10 > $topmodule_name.timing.rpt
report_power -analysis_effort high > $topmodule_name.power.rpt
report_threshold_voltage_group > $topmodule_name.vth.rpt
# Dump out the constraints in an SDC file
write_sdc $topmodule_name.constraints.sdc
1
# Dump out the synthesized database and gate-level-netlist
write -hierarchy -format ddc -output      $topmodule_name.ddc
Writing ddc file 'DECOMP_TOP.ddc'.
1
write -hierarchy -format verilog -output  $topmodule_name.netlist.v
Writing verilog file '/home/us03145/RTL/syn/clk_800/DECOMP_TOP.netlist.v'.
1
exit

Memory usage for this session 15968 Mbytes.
Memory usage for this session including child processes 15968 Mbytes.
CPU usage for this session 1776 seconds ( 0.49 hours ).
Elapsed time for this session 1804 seconds ( 0.50 hours ).

Thank you...
