 
****************************************
Report : threshold voltage group
Design : COMP_TOP
Version: Q-2019.12-SP5-5
Date   : Wed Nov 10 15:47:06 2021
****************************************

********************************************************************************
                        Threshold Voltage Group Report                         

Vth Group                All                Blackbox           Non-blackbox
Name                    cells                cells                cells
********************************************************************************
HVT35               28072  (99.92%)          0   (0.00%)      28072  (99.92%)   
LVT35                   3   (0.01%)          0   (0.00%)          3   (0.01%)   
SVT35                  12   (0.04%)          0   (0.00%)         12   (0.04%)   
ULVT35                  8   (0.03%)          0   (0.00%)          8   (0.03%)   
********************************************************************************
Total               28095 (100.00%)          0   (0.00%)      28095 (100.00%)   

Vth Group                All                Blackbox           Non-blackbox
Name                  cell area            cell area            cell area
********************************************************************************
HVT35            33000.74  (99.93%)       0.00   (0.00%)   33000.74  (99.93%)   
LVT35                2.02   (0.01%)       0.00   (0.00%)       2.02   (0.01%)   
SVT35                6.05   (0.02%)       0.00   (0.00%)       6.05   (0.02%)   
ULVT35              16.46   (0.05%)       0.00   (0.00%)      16.46   (0.05%)   
********************************************************************************
Total            33025.27 (100.00%)       0.00   (0.00%)   33025.27 (100.00%)   
1
