 
****************************************
Report : design
Design : COMP_TOP
Version: Q-2019.12-SP5-5
Date   : Wed Nov 10 15:47:00 2021
****************************************

Design allows ideal nets on clock nets.

Library(s) Used:

    um28nchhlogl35hsl140f_ssgwc0p81vn40c (File: /media/0/LogicLibraries/UMC/28nm/35hs/hsl/hvt/latest/liberty/logic_synth/um28nchhlogl35hsl140f_ssgwc0p81vn40c.db)
    um28nchvlogl35hsl140f_ssgwc0p81vn40c (File: /media/0/LogicLibraries/UMC/28nm/35hs/hsl/ulvt/latest/liberty/logic_synth/um28nchvlogl35hsl140f_ssgwc0p81vn40c.db)
    um28nchllogl35hsl140f_ssgwc0p81vn40c (File: /media/0/LogicLibraries/UMC/28nm/35hs/hsl/lvt/latest/liberty/logic_synth/um28nchllogl35hsl140f_ssgwc0p81vn40c.db)
    um28nchslogl35hsl140f_ssgwc0p81vn40c (File: /media/0/LogicLibraries/UMC/28nm/35hs/hsl/svt/latest/liberty/logic_synth/um28nchslogl35hsl140f_ssgwc0p81vn40c.db)

Local Link Library:

    {/media/0/LogicLibraries/UMC/28nm/35hs/hsl/hvt/latest/liberty/logic_synth/um28nchhlogl35hsl140f_ssgwc0p81vn40c.db, /media/0/LogicLibraries/UMC/28nm/35hs/hsl/hvt/latest/liberty/logic_synth/um28nchhlogl35hsl140f_sswc0p81vn40c.db, /media/0/LogicLibraries/UMC/28nm/35hs/hsl/lvt/latest/liberty/logic_synth/um28nchllogl35hsl140f_ssgwc0p81vn40c.db, /media/0/LogicLibraries/UMC/28nm/35hs/hsl/lvt/latest/liberty/logic_synth/um28nchllogl35hsl140f_sswc0p81vn40c.db, /media/0/LogicLibraries/UMC/28nm/35hs/hsl/svt/latest/liberty/logic_synth/um28nchslogl35hsl140f_ssgwc0p81vn40c.db, /media/0/LogicLibraries/UMC/28nm/35hs/hsl/svt/latest/liberty/logic_synth/um28nchslogl35hsl140f_sswc0p81vn40c.db, /media/0/LogicLibraries/UMC/28nm/35hs/hsl/uhvt/latest/liberty/logic_synth/um28nchulogl35hsl140f_ssgwc0p81vn40c.db, /media/0/LogicLibraries/UMC/28nm/35hs/hsl/uhvt/latest/liberty/logic_synth/um28nchulogl35hsl140f_sswc0p81vn40c.db, /media/0/LogicLibraries/UMC/28nm/35hs/hsl/ulvt/latest/liberty/logic_synth/um28nchvlogl35hsl140f_ssgwc0p81vn40c.db, /media/0/LogicLibraries/UMC/28nm/35hs/hsl/ulvt/latest/liberty/logic_synth/um28nchvlogl35hsl140f_sswc0p81vn40c.db}

Flip-Flop Types:

    No flip-flop types specified.

Latch Types:

    No latch types specified.

Operating Conditions:


    Operating Condition Name : SSGWC0P81VN40C
    Library : um28nchhlogl35hsl140f_ssgwc0p81vn40c
    Process :  1.000
    Temperature : -40.00
    Voltage :   0.81
    Interconnect Model : best_case_tree

Wire Loading Model:

    Selected automatically from the total cell area.

Name           :   ZeroWLM
Location       :   um28nchhlogl35hsl140f_ssgwc0p81vn40c
Resistance     :   0.0009
Capacitance    :   2e-07
Area           :   0
Slope          :   0.1
Fanout   Length   Points Average Cap Std Deviation
--------------------------------------------------------------
     1     0.00
     2     0.00
     3     0.00
     4     0.00
     5     0.00
     6     0.00
     7     0.00
     8     0.00
     9     0.00
    10     0.00
    11     0.00
    12     0.00
    13     0.00
    14     0.00
    15     0.00
    16     0.00



Wire Loading Model Mode: enclosed.

Timing Ranges:

    No timing ranges specified.

Pin Input Delays:

    None specified.

Pin Output Delays:

    None specified.

Disabled Timing Arcs:

    No arcs disabled.

Required Licenses:

    DesignWare

Design Parameters:

    None specified.
1
